<?xml version="1.0" encoding="UTF-8"?>
<testsuite name="PageTest" tests="5" skipped="0" failures="0" errors="0" timestamp="2022-04-22T13:35:36" hostname="Julians-MacBook-Pro.local" time="0.124">
  <properties/>
  <testcase name="testConvertToMarkdown()" classname="PageTest" time="0.023"/>
  <testcase name="testGetHeadingsFromDocument()" classname="PageTest" time="0.067"/>
  <testcase name="testGetSubPagesFromDocument()" classname="PageTest" time="0.009"/>
  <testcase name="testMarkdownHeadingConversion()" classname="PageTest" time="0.014"/>
  <testcase name="testMarkdownWrappers()" classname="PageTest" time="0.004"/>
  <system-out><![CDATA[]]></system-out>
  <system-err><![CDATA[]]></system-err>
</testsuite>
