<?xml version="1.0" encoding="UTF-8"?>
<testsuite name="CrawlParameterTest" tests="4" skipped="0" failures="0" errors="0" timestamp="2022-04-22T13:35:36" hostname="Julians-MacBook-Pro.local" time="0.016">
  <properties/>
  <testcase name="testUrl()" classname="CrawlParameterTest" time="0.005"/>
  <testcase name="testDepth()" classname="CrawlParameterTest" time="0.001"/>
  <testcase name="testLanguage()" classname="CrawlParameterTest" time="0.002"/>
  <testcase name="testConvert()" classname="CrawlParameterTest" time="0.004"/>
  <system-out><![CDATA[]]></system-out>
  <system-err><![CDATA[]]></system-err>
</testsuite>
